Float Value=    123.12
F=9
F=9
F=9
F=9
F=9
Factorial=24
F=9
a=0,e=40,f=3168,k=     karth
The value of a=15
The value of b=65538karthick is a good boyand  %s karthick is ok 
A=  123,s=Ra



Float=     234.3	and checkout karthick	,character=c
checkoutI am:
karthick,checkout
windows_sucks_*nix_rkarthickcheckout 0:0

windows_sucks_*nix_rkarthickcheckout 0:1

windows_sucks_*nix_rkarthickcheckout 1:0

windows_sucks_*nix_rkarthickcheckout 1:1

windows_sucks_*nix_rkarthickcheckout 2:0

windows_sucks_*nix_rkarthickcheckout 2:1

windows_sucks_*nix_rkarthickcheckout 3:0

windows_sucks_*nix_rkarthickcheckout 3:1

windows_sucks_*nix_rkarthickcheckout 4:0

windows_sucks_*nix_rkarthickcheckout 4:1

Null Return returns a zero Object =0
